[01m[K/home/ctaylor71023/ros2_ws/src/ctaylor319_capstone/env_construction/src/raw_env_data_collect.cpp:[m[K In function â€˜[01m[Kvoid timerCallback()[m[Kâ€™:
[01m[K/home/ctaylor71023/ros2_ws/src/ctaylor319_capstone/env_construction/src/raw_env_data_collect.cpp:73:31:[m[K [01;31m[Kerror: [m[Kâ€˜[01m[Kframe_id_[m[Kâ€™ was not declared in this scope
   73 |     msg_arm.header.frame_id = [01;31m[Kframe_id_[m[K;
      |                               [01;31m[K^~~~~~~~~[m[K
[01m[K/home/ctaylor71023/ros2_ws/src/ctaylor319_capstone/env_construction/src/raw_env_data_collect.cpp:112:5:[m[K [01;31m[Kerror: [m[Kâ€˜[01m[Ktime_param_traj[m[Kâ€™ was not declared in this scope
  112 |     [01;31m[Ktime_param_traj[m[K->computeTimeStamps(robot_traj, max_vel_scaling, max_accel_scaling);
      |     [01;31m[K^~~~~~~~~~~~~~~[m[K
[01m[K/home/ctaylor71023/ros2_ws/src/ctaylor319_capstone/env_construction/src/raw_env_data_collect.cpp:121:27:[m[K [01;31m[Kerror: [m[Kâ€˜[01m[Karm_positions_[m[Kâ€™ was not declared in this scope
  121 |     point_arm.positions = [01;31m[Karm_positions_[m[K[index_];
      |                           [01;31m[K^~~~~~~~~~~~~~[m[K
[01m[K/home/ctaylor71023/ros2_ws/src/ctaylor319_capstone/env_construction/src/raw_env_data_collect.cpp:121:42:[m[K [01;31m[Kerror: [m[Kâ€˜[01m[Kindex_[m[Kâ€™ was not declared in this scope; did you mean â€˜[01m[Kindex[m[Kâ€™?
  121 |     point_arm.positions = arm_positions_[[01;31m[Kindex_[m[K];
      |                                          [01;31m[K^~~~~~[m[K
      |                                          [32m[Kindex[m[K
[01m[K/home/ctaylor71023/ros2_ws/src/ctaylor319_capstone/env_construction/src/raw_env_data_collect.cpp:122:50:[m[K [01;31m[Kerror: [m[Kâ€˜[01m[Kduration_sec_[m[Kâ€™ was not declared in this scope
  122 |     point_arm.time_from_start = rclcpp::Duration([01;31m[Kduration_sec_[m[K, duration_nanosec_);
      |                                                  [01;31m[K^~~~~~~~~~~~~[m[K
[01m[K/home/ctaylor71023/ros2_ws/src/ctaylor319_capstone/env_construction/src/raw_env_data_collect.cpp:122:65:[m[K [01;31m[Kerror: [m[Kâ€˜[01m[Kduration_nanosec_[m[Kâ€™ was not declared in this scope
  122 | point_arm.time_from_start = rclcpp::Duration(duration_sec_, [01;31m[Kduration_nanosec_[m[K);
      |                                                             [01;31m[K^~~~~~~~~~~~~~~~~[m[K

[01m[K/home/ctaylor71023/ros2_ws/src/ctaylor319_capstone/env_construction/src/raw_env_data_collect.cpp:124:5:[m[K [01;31m[Kerror: [m[Kâ€˜[01m[Karm_pose_publisher_[m[Kâ€™ was not declared in this scope; did you mean â€˜[01m[Krmw_publisher_t[m[Kâ€™?
  124 |     [01;31m[Karm_pose_publisher_[m[K->publish(msg_arm);
      |     [01;31m[K^~~~~~~~~~~~~~~~~~~[m[K
      |     [32m[Krmw_publisher_t[m[K
[01m[K/home/ctaylor71023/ros2_ws/src/ctaylor319_capstone/env_construction/src/raw_env_data_collect.cpp:127:31:[m[K [01;31m[Kerror: [m[Kâ€˜[01m[Kgripper_positions_[m[Kâ€™ was not declared in this scope
  127 |     point_gripper.positions = [01;31m[Kgripper_positions_[m[K[index_];
      |                               [01;31m[K^~~~~~~~~~~~~~~~~~[m[K
[01m[K/home/ctaylor71023/ros2_ws/src/ctaylor319_capstone/env_construction/src/raw_env_data_collect.cpp:130:5:[m[K [01;31m[Kerror: [m[Kâ€˜[01m[Kgripper_pose_publisher_[m[Kâ€™ was not declared in this scope
  130 |     [01;31m[Kgripper_pose_publisher_[m[K->publish(msg_gripper);
      |     [01;31m[K^~~~~~~~~~~~~~~~~~~~~~~[m[K
gmake[2]: *** [CMakeFiles/raw_env_data_collect.dir/build.make:76: CMakeFiles/raw_env_data_collect.dir/src/raw_env_data_collect.cpp.o] Error 1
gmake[1]: *** [CMakeFiles/Makefile2:137: CMakeFiles/raw_env_data_collect.dir/all] Error 2
gmake: *** [Makefile:146: all] Error 2
