[0.111s] Invoking command in '/home/ctaylor71023/ros2_ws/src/ctaylor319_capstone/build/env_construction': CMAKE_PREFIX_PATH=${CMAKE_PREFIX_PATH}:/home/ctaylor71023/ws_moveit/install/moveit_configs_utils:/home/ctaylor71023/ws_moveit/install/launch_param_builder:/home/ctaylor71023/turtlebot3_ws/install/py_subpub:/home/ctaylor71023/turtlebot3_ws/install/Crossfire_object_follower:/home/ctaylor71023/turtlebot3_ws/install/Crossfire_navigate_to_goal:/home/ctaylor71023/turtlebot3_ws/install/Crossfire_lab6:/home/ctaylor71023/turtlebot3_ws/install/Crossfire_lab5:/home/ctaylor71023/turtlebot3_ws/install/Crossfire_chase_object:/home/ctaylor71023/turtlebot3_ws/src/install/py_subpub:/home/ctaylor71023/turtlebot3_ws/src/install/Lab2:/home/ctaylor71023/turtlebot3_ws/src/install/Crossfire_object_follower:/home/ctaylor71023/turtlebot3_ws/src/install/Crossfire_navigate_to_goal:/home/ctaylor71023/turtlebot3_ws/src/install/Crossfire_lab6:/home/ctaylor71023/turtlebot3_ws/src/install/Crossfire_lab5:/home/ctaylor71023/turtlebot3_ws/src/install/Crossfire_chase_object:/opt/ros/humble /usr/bin/cmake --build /home/ctaylor71023/ros2_ws/src/ctaylor319_capstone/build/env_construction -- -j8 -l8
[0.281s] [35m[1mConsolidate compiler generated dependencies of target raw_env_data_collect[0m
[0.355s] [ 50%] [32mBuilding CXX object CMakeFiles/raw_env_data_collect.dir/src/raw_env_data_collect.cpp.o[0m
[9.816s] [01m[K/home/ctaylor71023/ros2_ws/src/ctaylor319_capstone/env_construction/src/raw_env_data_collect.cpp:[m[K In function â€˜[01m[Kvoid timerCallback()[m[Kâ€™:
[9.816s] [01m[K/home/ctaylor71023/ros2_ws/src/ctaylor319_capstone/env_construction/src/raw_env_data_collect.cpp:73:31:[m[K [01;31m[Kerror: [m[Kâ€˜[01m[Kframe_id_[m[Kâ€™ was not declared in this scope
[9.817s]    73 |     msg_arm.header.frame_id = [01;31m[Kframe_id_[m[K;
[9.817s]       |                               [01;31m[K^~~~~~~~~[m[K
[9.851s] [01m[K/home/ctaylor71023/ros2_ws/src/ctaylor319_capstone/env_construction/src/raw_env_data_collect.cpp:112:5:[m[K [01;31m[Kerror: [m[Kâ€˜[01m[Ktime_param_traj[m[Kâ€™ was not declared in this scope
[9.851s]   112 |     [01;31m[Ktime_param_traj[m[K->computeTimeStamps(robot_traj, max_vel_scaling, max_accel_scaling);
[9.851s]       |     [01;31m[K^~~~~~~~~~~~~~~[m[K
[9.863s] [01m[K/home/ctaylor71023/ros2_ws/src/ctaylor319_capstone/env_construction/src/raw_env_data_collect.cpp:121:27:[m[K [01;31m[Kerror: [m[Kâ€˜[01m[Karm_positions_[m[Kâ€™ was not declared in this scope
[9.863s]   121 |     point_arm.positions = [01;31m[Karm_positions_[m[K[index_];
[9.863s]       |                           [01;31m[K^~~~~~~~~~~~~~[m[K
[9.870s] [01m[K/home/ctaylor71023/ros2_ws/src/ctaylor319_capstone/env_construction/src/raw_env_data_collect.cpp:121:42:[m[K [01;31m[Kerror: [m[Kâ€˜[01m[Kindex_[m[Kâ€™ was not declared in this scope; did you mean â€˜[01m[Kindex[m[Kâ€™?
[9.870s]   121 |     point_arm.positions = arm_positions_[[01;31m[Kindex_[m[K];
[9.870s]       |                                          [01;31m[K^~~~~~[m[K
[9.870s]       |                                          [32m[Kindex[m[K
[9.884s] [01m[K/home/ctaylor71023/ros2_ws/src/ctaylor319_capstone/env_construction/src/raw_env_data_collect.cpp:122:50:[m[K [01;31m[Kerror: [m[Kâ€˜[01m[Kduration_sec_[m[Kâ€™ was not declared in this scope
[9.884s]   122 |     point_arm.time_from_start = rclcpp::Duration([01;31m[Kduration_sec_[m[K, duration_nanosec_);
[9.884s]       |                                                  [01;31m[K^~~~~~~~~~~~~[m[K
[9.904s] [01m[K/home/ctaylor71023/ros2_ws/src/ctaylor319_capstone/env_construction/src/raw_env_data_collect.cpp:122:65:[m[K [01;31m[Kerror: [m[Kâ€˜[01m[Kduration_nanosec_[m[Kâ€™ was not declared in this scope
[9.904s]   122 | point_arm.time_from_start = rclcpp::Duration(duration_sec_, [01;31m[Kduration_nanosec_[m[K);
[9.906s]       |                                                             [01;31m[K^~~~~~~~~~~~~~~~~[m[K
[9.907s] 
[9.926s] [01m[K/home/ctaylor71023/ros2_ws/src/ctaylor319_capstone/env_construction/src/raw_env_data_collect.cpp:124:5:[m[K [01;31m[Kerror: [m[Kâ€˜[01m[Karm_pose_publisher_[m[Kâ€™ was not declared in this scope; did you mean â€˜[01m[Krmw_publisher_t[m[Kâ€™?
[9.926s]   124 |     [01;31m[Karm_pose_publisher_[m[K->publish(msg_arm);
[9.926s]       |     [01;31m[K^~~~~~~~~~~~~~~~~~~[m[K
[9.926s]       |     [32m[Krmw_publisher_t[m[K
[9.939s] [01m[K/home/ctaylor71023/ros2_ws/src/ctaylor319_capstone/env_construction/src/raw_env_data_collect.cpp:127:31:[m[K [01;31m[Kerror: [m[Kâ€˜[01m[Kgripper_positions_[m[Kâ€™ was not declared in this scope
[9.939s]   127 |     point_gripper.positions = [01;31m[Kgripper_positions_[m[K[index_];
[9.940s]       |                               [01;31m[K^~~~~~~~~~~~~~~~~~[m[K
[9.957s] [01m[K/home/ctaylor71023/ros2_ws/src/ctaylor319_capstone/env_construction/src/raw_env_data_collect.cpp:130:5:[m[K [01;31m[Kerror: [m[Kâ€˜[01m[Kgripper_pose_publisher_[m[Kâ€™ was not declared in this scope
[9.957s]   130 |     [01;31m[Kgripper_pose_publisher_[m[K->publish(msg_gripper);
[9.957s]       |     [01;31m[K^~~~~~~~~~~~~~~~~~~~~~~[m[K
[14.877s] gmake[2]: *** [CMakeFiles/raw_env_data_collect.dir/build.make:76: CMakeFiles/raw_env_data_collect.dir/src/raw_env_data_collect.cpp.o] Error 1
[14.877s] gmake[1]: *** [CMakeFiles/Makefile2:137: CMakeFiles/raw_env_data_collect.dir/all] Error 2
[14.878s] gmake: *** [Makefile:146: all] Error 2
[14.884s] Invoked command in '/home/ctaylor71023/ros2_ws/src/ctaylor319_capstone/build/env_construction' returned '2': CMAKE_PREFIX_PATH=${CMAKE_PREFIX_PATH}:/home/ctaylor71023/ws_moveit/install/moveit_configs_utils:/home/ctaylor71023/ws_moveit/install/launch_param_builder:/home/ctaylor71023/turtlebot3_ws/install/py_subpub:/home/ctaylor71023/turtlebot3_ws/install/Crossfire_object_follower:/home/ctaylor71023/turtlebot3_ws/install/Crossfire_navigate_to_goal:/home/ctaylor71023/turtlebot3_ws/install/Crossfire_lab6:/home/ctaylor71023/turtlebot3_ws/install/Crossfire_lab5:/home/ctaylor71023/turtlebot3_ws/install/Crossfire_chase_object:/home/ctaylor71023/turtlebot3_ws/src/install/py_subpub:/home/ctaylor71023/turtlebot3_ws/src/install/Lab2:/home/ctaylor71023/turtlebot3_ws/src/install/Crossfire_object_follower:/home/ctaylor71023/turtlebot3_ws/src/install/Crossfire_navigate_to_goal:/home/ctaylor71023/turtlebot3_ws/src/install/Crossfire_lab6:/home/ctaylor71023/turtlebot3_ws/src/install/Crossfire_lab5:/home/ctaylor71023/turtlebot3_ws/src/install/Crossfire_chase_object:/opt/ros/humble /usr/bin/cmake --build /home/ctaylor71023/ros2_ws/src/ctaylor319_capstone/build/env_construction -- -j8 -l8
