[ 25%] [32mBuilding CXX object CMakeFiles/publish_final_trajectory.dir/src/publish_final_trajectory.cpp.o[0m
[ 50%] [32mBuilding CXX object CMakeFiles/add_time_parameterization.dir/src/add_time_parameterization.cpp.o[0m
In file included from [01m[K/home/ctaylor71023/ros2_ws/src/ctaylor319_capstone/robot_control/src/add_time_parameterization.cpp:25[m[K:
[01m[K/home/ctaylor71023/ros2_ws/src/ctaylor319_capstone/robot_control/include/robot_control/add_time_parameterization.h:12:10:[m[K [01;31m[Kfatal error: [m[Koctomap_ros/octomap_ros.hpp: No such file or directory
   12 | #include [01;31m[K"octomap_ros/octomap_ros.hpp"[m[K
      |          [01;31m[K^~~~~~~~~~~~~~~~~~~~~~~~~~~~~[m[K
compilation terminated.
gmake[2]: *** [CMakeFiles/add_time_parameterization.dir/build.make:76: CMakeFiles/add_time_parameterization.dir/src/add_time_parameterization.cpp.o] Error 1
gmake[1]: *** [CMakeFiles/Makefile2:139: CMakeFiles/add_time_parameterization.dir/all] Error 2
gmake[1]: *** Waiting for unfinished jobs....
In file included from [01m[K/home/ctaylor71023/ros2_ws/src/ctaylor319_capstone/robot_control/src/publish_final_trajectory.cpp:25[m[K:
[01m[K/home/ctaylor71023/ros2_ws/src/ctaylor319_capstone/robot_control/include/robot_control/add_time_parameterization.h:12:10:[m[K [01;31m[Kfatal error: [m[Koctomap_ros/octomap_ros.hpp: No such file or directory
   12 | #include [01;31m[K"octomap_ros/octomap_ros.hpp"[m[K
      |          [01;31m[K^~~~~~~~~~~~~~~~~~~~~~~~~~~~~[m[K
compilation terminated.
gmake[2]: *** [CMakeFiles/publish_final_trajectory.dir/build.make:76: CMakeFiles/publish_final_trajectory.dir/src/publish_final_trajectory.cpp.o] Error 1
gmake[1]: *** [CMakeFiles/Makefile2:165: CMakeFiles/publish_final_trajectory.dir/all] Error 2
gmake: *** [Makefile:146: all] Error 2
