[0.028s] Invoking command in '/home/ctaylor71023/ros2_ws/src/ctaylor319_capstone/build/robot_control': CMAKE_PREFIX_PATH=${CMAKE_PREFIX_PATH}:/home/ctaylor71023/ws_moveit/install/moveit_configs_utils:/home/ctaylor71023/ws_moveit/install/launch_param_builder:/home/ctaylor71023/turtlebot3_ws/install/py_subpub:/home/ctaylor71023/turtlebot3_ws/install/Crossfire_object_follower:/home/ctaylor71023/turtlebot3_ws/install/Crossfire_navigate_to_goal:/home/ctaylor71023/turtlebot3_ws/install/Crossfire_lab6:/home/ctaylor71023/turtlebot3_ws/install/Crossfire_lab5:/home/ctaylor71023/turtlebot3_ws/install/Crossfire_chase_object:/home/ctaylor71023/turtlebot3_ws/src/install/py_subpub:/home/ctaylor71023/turtlebot3_ws/src/install/Lab2:/home/ctaylor71023/turtlebot3_ws/src/install/Crossfire_object_follower:/home/ctaylor71023/turtlebot3_ws/src/install/Crossfire_navigate_to_goal:/home/ctaylor71023/turtlebot3_ws/src/install/Crossfire_lab6:/home/ctaylor71023/turtlebot3_ws/src/install/Crossfire_lab5:/home/ctaylor71023/turtlebot3_ws/src/install/Crossfire_chase_object:/opt/ros/humble /usr/bin/cmake --build /home/ctaylor71023/ros2_ws/src/ctaylor319_capstone/build/robot_control -- -j8 -l8
[0.138s] [ 50%] [32mBuilding CXX object CMakeFiles/add_time_parameterization.dir/src/add_time_parameterization.cpp.o[0m
[0.138s] [ 50%] [32mBuilding CXX object CMakeFiles/publish_final_trajectory.dir/src/publish_final_trajectory.cpp.o[0m
[0.898s] In file included from [01m[K/home/ctaylor71023/ros2_ws/src/ctaylor319_capstone/robot_control/src/publish_final_trajectory.cpp:25[m[K:
[0.899s] [01m[K/home/ctaylor71023/ros2_ws/src/ctaylor319_capstone/robot_control/include/robot_control/add_time_parameterization.h:12:10:[m[K [01;31m[Kfatal error: [m[Koctomap: No such file or directory
[0.899s]    12 | #include [01;31m[K<octomap>[m[K
[0.899s]       |          [01;31m[K^~~~~~~~~[m[K
[0.899s] compilation terminated.
[0.903s] gmake[2]: *** [CMakeFiles/publish_final_trajectory.dir/build.make:76: CMakeFiles/publish_final_trajectory.dir/src/publish_final_trajectory.cpp.o] Error 1
[0.903s] gmake[1]: *** [CMakeFiles/Makefile2:165: CMakeFiles/publish_final_trajectory.dir/all] Error 2
[0.904s] gmake[1]: *** Waiting for unfinished jobs....
[0.909s] In file included from [01m[K/home/ctaylor71023/ros2_ws/src/ctaylor319_capstone/robot_control/src/add_time_parameterization.cpp:25[m[K:
[0.909s] [01m[K/home/ctaylor71023/ros2_ws/src/ctaylor319_capstone/robot_control/include/robot_control/add_time_parameterization.h:12:10:[m[K [01;31m[Kfatal error: [m[Koctomap: No such file or directory
[0.909s]    12 | #include [01;31m[K<octomap>[m[K
[0.909s]       |          [01;31m[K^~~~~~~~~[m[K
[0.909s] compilation terminated.
[0.916s] gmake[2]: *** [CMakeFiles/add_time_parameterization.dir/build.make:76: CMakeFiles/add_time_parameterization.dir/src/add_time_parameterization.cpp.o] Error 1
[0.917s] gmake[1]: *** [CMakeFiles/Makefile2:139: CMakeFiles/add_time_parameterization.dir/all] Error 2
[0.917s] gmake: *** [Makefile:146: all] Error 2
[0.920s] Invoked command in '/home/ctaylor71023/ros2_ws/src/ctaylor319_capstone/build/robot_control' returned '2': CMAKE_PREFIX_PATH=${CMAKE_PREFIX_PATH}:/home/ctaylor71023/ws_moveit/install/moveit_configs_utils:/home/ctaylor71023/ws_moveit/install/launch_param_builder:/home/ctaylor71023/turtlebot3_ws/install/py_subpub:/home/ctaylor71023/turtlebot3_ws/install/Crossfire_object_follower:/home/ctaylor71023/turtlebot3_ws/install/Crossfire_navigate_to_goal:/home/ctaylor71023/turtlebot3_ws/install/Crossfire_lab6:/home/ctaylor71023/turtlebot3_ws/install/Crossfire_lab5:/home/ctaylor71023/turtlebot3_ws/install/Crossfire_chase_object:/home/ctaylor71023/turtlebot3_ws/src/install/py_subpub:/home/ctaylor71023/turtlebot3_ws/src/install/Lab2:/home/ctaylor71023/turtlebot3_ws/src/install/Crossfire_object_follower:/home/ctaylor71023/turtlebot3_ws/src/install/Crossfire_navigate_to_goal:/home/ctaylor71023/turtlebot3_ws/src/install/Crossfire_lab6:/home/ctaylor71023/turtlebot3_ws/src/install/Crossfire_lab5:/home/ctaylor71023/turtlebot3_ws/src/install/Crossfire_chase_object:/opt/ros/humble /usr/bin/cmake --build /home/ctaylor71023/ros2_ws/src/ctaylor319_capstone/build/robot_control -- -j8 -l8
