[0.092s] Invoking command in '/home/ctaylor71023/ros2_ws/src/ctaylor319_capstone/build/env_construction': CMAKE_PREFIX_PATH=${CMAKE_PREFIX_PATH}:/home/ctaylor71023/ws_moveit/install/moveit_configs_utils:/home/ctaylor71023/ws_moveit/install/launch_param_builder:/home/ctaylor71023/turtlebot3_ws/install/py_subpub:/home/ctaylor71023/turtlebot3_ws/install/Crossfire_object_follower:/home/ctaylor71023/turtlebot3_ws/install/Crossfire_navigate_to_goal:/home/ctaylor71023/turtlebot3_ws/install/Crossfire_lab6:/home/ctaylor71023/turtlebot3_ws/install/Crossfire_lab5:/home/ctaylor71023/turtlebot3_ws/install/Crossfire_chase_object:/home/ctaylor71023/turtlebot3_ws/src/install/py_subpub:/home/ctaylor71023/turtlebot3_ws/src/install/Lab2:/home/ctaylor71023/turtlebot3_ws/src/install/Crossfire_object_follower:/home/ctaylor71023/turtlebot3_ws/src/install/Crossfire_navigate_to_goal:/home/ctaylor71023/turtlebot3_ws/src/install/Crossfire_lab6:/home/ctaylor71023/turtlebot3_ws/src/install/Crossfire_lab5:/home/ctaylor71023/turtlebot3_ws/src/install/Crossfire_chase_object:/opt/ros/humble /usr/bin/cmake --build /home/ctaylor71023/ros2_ws/src/ctaylor319_capstone/build/env_construction -- -j8 -l8
[0.270s] [35m[1mConsolidate compiler generated dependencies of target raw_env_data_collect[0m
[0.334s] [ 50%] [32mBuilding CXX object CMakeFiles/raw_env_data_collect.dir/src/raw_env_data_collect.cpp.o[0m
[9.705s] In file included from [01m[K/home/ctaylor71023/ros2_ws/src/ctaylor319_capstone/env_construction/src/raw_env_data_collect.cpp:24[m[K:
[9.705s] [01m[K/home/ctaylor71023/ros2_ws/src/ctaylor319_capstone/env_construction/include/env_construction/raw_env_data_collect.h:14:20:[m[K [01;31m[Kerror: [m[Kexpected â€˜[01m[K;[m[Kâ€™ at end of member declaration
[9.705s]    14 |     EnvDataCollect([01;31m[K)[m[K
[9.705s]       |                    [01;31m[K^[m[K
[9.705s]       |                     [32m[K;[m[K
[9.713s] [01m[K/home/ctaylor71023/ros2_ws/src/ctaylor319_capstone/env_construction/include/env_construction/raw_env_data_collect.h:41:2:[m[K [01;31m[Kerror: [m[Kexpected â€˜[01m[K;[m[Kâ€™ after class definition
[9.713s]    41 | }
[9.714s]       |  [01;31m[K^[m[K
[9.715s]       |  [32m[K;[m[K
[15.082s] gmake[2]: *** [CMakeFiles/raw_env_data_collect.dir/build.make:76: CMakeFiles/raw_env_data_collect.dir/src/raw_env_data_collect.cpp.o] Error 1
[15.083s] gmake[1]: *** [CMakeFiles/Makefile2:137: CMakeFiles/raw_env_data_collect.dir/all] Error 2
[15.083s] gmake: *** [Makefile:146: all] Error 2
[15.087s] Invoked command in '/home/ctaylor71023/ros2_ws/src/ctaylor319_capstone/build/env_construction' returned '2': CMAKE_PREFIX_PATH=${CMAKE_PREFIX_PATH}:/home/ctaylor71023/ws_moveit/install/moveit_configs_utils:/home/ctaylor71023/ws_moveit/install/launch_param_builder:/home/ctaylor71023/turtlebot3_ws/install/py_subpub:/home/ctaylor71023/turtlebot3_ws/install/Crossfire_object_follower:/home/ctaylor71023/turtlebot3_ws/install/Crossfire_navigate_to_goal:/home/ctaylor71023/turtlebot3_ws/install/Crossfire_lab6:/home/ctaylor71023/turtlebot3_ws/install/Crossfire_lab5:/home/ctaylor71023/turtlebot3_ws/install/Crossfire_chase_object:/home/ctaylor71023/turtlebot3_ws/src/install/py_subpub:/home/ctaylor71023/turtlebot3_ws/src/install/Lab2:/home/ctaylor71023/turtlebot3_ws/src/install/Crossfire_object_follower:/home/ctaylor71023/turtlebot3_ws/src/install/Crossfire_navigate_to_goal:/home/ctaylor71023/turtlebot3_ws/src/install/Crossfire_lab6:/home/ctaylor71023/turtlebot3_ws/src/install/Crossfire_lab5:/home/ctaylor71023/turtlebot3_ws/src/install/Crossfire_chase_object:/opt/ros/humble /usr/bin/cmake --build /home/ctaylor71023/ros2_ws/src/ctaylor319_capstone/build/env_construction -- -j8 -l8
