[0.042s] Invoking command in '/home/ctaylor71023/ros2_ws/src/ctaylor319_capstone/build/env_construction': CMAKE_PREFIX_PATH=${CMAKE_PREFIX_PATH}:/home/ctaylor71023/ws_moveit/install/moveit_configs_utils:/home/ctaylor71023/ws_moveit/install/launch_param_builder:/home/ctaylor71023/turtlebot3_ws/install/py_subpub:/home/ctaylor71023/turtlebot3_ws/install/Crossfire_object_follower:/home/ctaylor71023/turtlebot3_ws/install/Crossfire_navigate_to_goal:/home/ctaylor71023/turtlebot3_ws/install/Crossfire_lab6:/home/ctaylor71023/turtlebot3_ws/install/Crossfire_lab5:/home/ctaylor71023/turtlebot3_ws/install/Crossfire_chase_object:/home/ctaylor71023/turtlebot3_ws/src/install/py_subpub:/home/ctaylor71023/turtlebot3_ws/src/install/Lab2:/home/ctaylor71023/turtlebot3_ws/src/install/Crossfire_object_follower:/home/ctaylor71023/turtlebot3_ws/src/install/Crossfire_navigate_to_goal:/home/ctaylor71023/turtlebot3_ws/src/install/Crossfire_lab6:/home/ctaylor71023/turtlebot3_ws/src/install/Crossfire_lab5:/home/ctaylor71023/turtlebot3_ws/src/install/Crossfire_chase_object:/opt/ros/humble /usr/bin/cmake --build /home/ctaylor71023/ros2_ws/src/ctaylor319_capstone/build/env_construction -- -j8 -l8
[0.094s] -- Found ament_cmake: 1.3.10 (/opt/ros/humble/share/ament_cmake/cmake)
[0.294s] -- Found rclcpp: 16.0.10 (/opt/ros/humble/share/rclcpp/cmake)
[0.332s] -- Found rosidl_generator_c: 3.1.5 (/opt/ros/humble/share/rosidl_generator_c/cmake)
[0.335s] -- Found rosidl_adapter: 3.1.5 (/opt/ros/humble/share/rosidl_adapter/cmake)
[0.342s] -- Found rosidl_generator_cpp: 3.1.5 (/opt/ros/humble/share/rosidl_generator_cpp/cmake)
[0.357s] -- Using all available rosidl_typesupport_c: rosidl_typesupport_fastrtps_c;rosidl_typesupport_introspection_c
[0.372s] -- Using all available rosidl_typesupport_cpp: rosidl_typesupport_fastrtps_cpp;rosidl_typesupport_introspection_cpp
[0.411s] -- Found rmw_implementation_cmake: 6.1.2 (/opt/ros/humble/share/rmw_implementation_cmake/cmake)
[0.416s] -- Found rmw_fastrtps_cpp: 6.2.7 (/opt/ros/humble/share/rmw_fastrtps_cpp/cmake)
[0.576s] -- Using RMW implementation 'rmw_fastrtps_cpp' as default
[0.626s] -- Found gazebo_ros: 3.7.0 (/opt/ros/humble/share/gazebo_ros/cmake)
[0.665s] -- Found DART: /usr/include (Required is at least version "6.6") found components: dart 
[0.687s] -- Found Boost: /usr/lib/x86_64-linux-gnu/cmake/Boost-1.74.0/BoostConfig.cmake (found suitable version "1.74.0", minimum required is "1.40.0") found components: thread system filesystem program_options regex iostreams date_time 
[0.697s] -- Found Protobuf: /usr/lib/x86_64-linux-gnu/libprotobuf.so (found version "3.12.4") 
[0.699s] -- Looking for ignition-math6 -- found version 6.15.1
[0.704s] -- Searching for dependencies of ignition-math6
[0.706s] -- Looking for OGRE...
[0.714s] -- Found Ogre Ghadamon (1.9.0)
[0.714s] -- Found OGRE: optimized;/usr/lib/x86_64-linux-gnu/libOgreMain.so;debug;/usr/lib/x86_64-linux-gnu/libOgreMain.so
[0.725s] -- Looking for OGRE_Paging...
[0.725s] -- Found OGRE_Paging: optimized;/usr/lib/x86_64-linux-gnu/libOgrePaging.so;debug;/usr/lib/x86_64-linux-gnu/libOgrePaging.so
[0.725s] -- Looking for OGRE_Terrain...
[0.725s] -- Found OGRE_Terrain: optimized;/usr/lib/x86_64-linux-gnu/libOgreTerrain.so;debug;/usr/lib/x86_64-linux-gnu/libOgreTerrain.so
[0.725s] -- Looking for OGRE_Property...
[0.726s] -- Found OGRE_Property: optimized;/usr/lib/x86_64-linux-gnu/libOgreProperty.so;debug;/usr/lib/x86_64-linux-gnu/libOgreProperty.so
[0.726s] -- Looking for OGRE_RTShaderSystem...
[0.726s] -- Found OGRE_RTShaderSystem: optimized;/usr/lib/x86_64-linux-gnu/libOgreRTShaderSystem.so;debug;/usr/lib/x86_64-linux-gnu/libOgreRTShaderSystem.so
[0.726s] -- Looking for OGRE_Volume...
[0.726s] -- Found OGRE_Volume: optimized;/usr/lib/x86_64-linux-gnu/libOgreVolume.so;debug;/usr/lib/x86_64-linux-gnu/libOgreVolume.so
[0.726s] -- Looking for OGRE_Overlay...
[0.727s] -- Found OGRE_Overlay: optimized;/usr/lib/x86_64-linux-gnu/libOgreOverlay.so;debug;/usr/lib/x86_64-linux-gnu/libOgreOverlay.so
[1.087s] -- Looking for ignition-math6 -- found version 6.15.1
[1.088s] -- Looking for ignition-transport8 -- found version 8.2.1
[1.088s] -- Searching for dependencies of ignition-transport8
[1.118s] -- Found Protobuf: /usr/lib/x86_64-linux-gnu/libprotobuf.so (found suitable version "3.12.4", minimum required is "3") 
[1.141s] -- Config-file not installed for ZeroMQ -- checking for pkg-config
[1.148s] -- Checking for module 'libzmq >= 4'
[1.175s] --   Found libzmq , version 4.3.4
[1.247s] -- Checking for module 'uuid'
[1.274s] --   Found uuid, version 2.37.2
[1.331s] -- Looking for ignition-msgs5 -- found version 5.8.1
[1.332s] -- Searching for dependencies of ignition-msgs5
[1.366s] -- Looking for ignition-math6 -- found version 6.15.1
[1.373s] -- Checking for module 'tinyxml2'
[1.399s] --   Found tinyxml2, version 9.0.0
[1.462s] -- Looking for ignition-msgs5 -- found version 5.8.1
[1.463s] -- Looking for ignition-common3 -- found version 3.14.0
[1.463s] -- Searching for dependencies of ignition-common3
[1.464s] -- Looking for dlfcn.h - found
[1.464s] -- Looking for libdl - found
[1.481s] -- Searching for <ignition-common3> component [graphics]
[1.482s] -- Looking for ignition-common3-graphics -- found version 3.14.0
[1.483s] -- Searching for dependencies of ignition-common3-graphics
[1.483s] -- Looking for ignition-math6 -- found version 6.15.1
[1.485s] -- Looking for ignition-fuel_tools4 -- found version 4.4.0
[1.485s] -- Searching for dependencies of ignition-fuel_tools4
[1.555s] -- Checking for module 'jsoncpp'
[1.588s] --   Found jsoncpp, version 1.9.5
[1.668s] -- Checking for module 'libzip'
[1.701s] --   Found libzip, version 1.7.3
[1.770s] -- Looking for ignition-common3 -- found version 3.14.0
[1.771s] -- Looking for ignition-math6 -- found version 6.15.1
[1.772s] -- Looking for ignition-msgs5 -- found version 5.8.1
[1.774s] -- Gazebo version: 11.10
[1.776s] -- Found gazebo_ros2_control: 0.4.9 (/opt/ros/humble/share/gazebo_ros2_control/cmake)
[1.996s] -- Found gazebo_ros_pkgs: 3.7.0 (/opt/ros/humble/share/gazebo_ros_pkgs/cmake)
[1.996s] -- Found ros2_control: 2.43.0 (/opt/ros/humble/share/ros2_control/cmake)
[1.997s] -- Found ros2_controllers: 2.37.2 (/opt/ros/humble/share/ros2_controllers/cmake)
[1.997s] -- Found mycobot_gazebo: 0.0.0 (/home/ctaylor71023/ros2_ws/install/mycobot_gazebo/share/mycobot_gazebo/cmake)
[1.998s] -- Found xacro: 2.0.8 (/opt/ros/humble/share/xacro/cmake)
[1.999s] -- Found moveit: 2.5.5 (/home/ctaylor71023/ws_moveit/install/moveit/share/moveit/cmake)
[1.999s] -- Found moveit_core: 2.5.5 (/home/ctaylor71023/ws_moveit/install/moveit_core/share/moveit_core/cmake)
[2.009s] -- Found Boost: /usr/lib/x86_64-linux-gnu/cmake/Boost-1.74.0/BoostConfig.cmake (found version "1.74.0") found components: chrono date_time filesystem iostreams program_options regex serialization system thread 
[2.044s] -- Found parameter_traits: 0.3.8 (/opt/ros/humble/share/parameter_traits/cmake)
[2.060s] -- Found Boost: /usr/lib/x86_64-linux-gnu/cmake/Boost-1.74.0/BoostConfig.cmake (found version "1.74.0") found components: filesystem 
[2.112s] -- library: /usr/lib/x86_64-linux-gnu/libcurl.so
[2.161s] -- Ensuring Eigen3 include directory is part of orocos-kdl CMake target
[2.440s] -- Found ament_lint_auto: 0.12.11 (/opt/ros/humble/share/ament_lint_auto/cmake)
[2.525s] -- Added test 'cppcheck' to perform static code analysis on C / C++ code
[2.526s] -- Configured cppcheck include dirs: /home/ctaylor71023/ros2_ws/src/ctaylor319_capstone/env_construction/dependencies;/home/ctaylor71023/ros2_ws/src/ctaylor319_capstone/env_construction/include/env_construction
[2.526s] -- Configured cppcheck exclude dirs and/or files: 
[2.527s] -- Added test 'lint_cmake' to check CMake code style
[2.528s] -- Added test 'uncrustify' to check C / C++ code style
[2.528s] -- Configured uncrustify additional arguments: 
[2.529s] -- Added test 'xmllint' to check XML markup files
[2.530s] -- Configuring done
[2.602s] -- Generating done
[2.607s] -- Build files have been written to: /home/ctaylor71023/ros2_ws/src/ctaylor319_capstone/build/env_construction
[2.657s] [35m[1mConsolidate compiler generated dependencies of target raw_env_data_collect[0m
[2.688s] [ 50%] [32mBuilding CXX object CMakeFiles/raw_env_data_collect.dir/src/raw_env_data_collect.cpp.o[0m
[2.721s] [100%] [32m[1mLinking CXX executable raw_env_data_collect[0m
[8.539s] /usr/bin/ld: /usr/lib/gcc/x86_64-linux-gnu/11/../../../x86_64-linux-gnu/Scrt1.o: in function `_start':
[8.539s] (.text+0x1b): undefined reference to `main'
[8.543s] collect2: error: ld returned 1 exit status
[8.545s] gmake[2]: *** [CMakeFiles/raw_env_data_collect.dir/build.make:480: raw_env_data_collect] Error 1
[8.546s] gmake[1]: *** [CMakeFiles/Makefile2:137: CMakeFiles/raw_env_data_collect.dir/all] Error 2
[8.546s] gmake: *** [Makefile:146: all] Error 2
