In file included from [01m[K/home/ctaylor71023/ros2_ws/src/ctaylor319_capstone/robot_control/src/add_time_parameterization.cpp:25[m[K:
[01m[K/home/ctaylor71023/ros2_ws/src/ctaylor319_capstone/robot_control/include/robot_control/add_time_parameterization.h:12:10:[m[K [01;35m[Kwarning: [m[Kmissing terminating " character
   12 | #include [01;35m[K"[m[K<octomap/octomap.h>
      |          [01;35m[K^[m[K
[01m[K/home/ctaylor71023/ros2_ws/src/ctaylor319_capstone/robot_control/include/robot_control/add_time_parameterization.h:12:10:[m[K [01;31m[Kerror: [m[K#include expects "FILENAME" or <FILENAME>
   12 | #include [01;31m[K"<octomap/octomap.h>[m[K
      |          [01;31m[K^~~~~~~~~~~~~~~~~~~~[m[K
In file included from [01m[K/home/ctaylor71023/ros2_ws/src/ctaylor319_capstone/robot_control/src/publish_final_trajectory.cpp:25[m[K:
[01m[K/home/ctaylor71023/ros2_ws/src/ctaylor319_capstone/robot_control/include/robot_control/add_time_parameterization.h:12:10:[m[K [01;35m[Kwarning: [m[Kmissing terminating " character
   12 | #include [01;35m[K"[m[K<octomap/octomap.h>
      |          [01;35m[K^[m[K
[01m[K/home/ctaylor71023/ros2_ws/src/ctaylor319_capstone/robot_control/include/robot_control/add_time_parameterization.h:12:10:[m[K [01;31m[Kerror: [m[K#include expects "FILENAME" or <FILENAME>
   12 | #include [01;31m[K"<octomap/octomap.h>[m[K
      |          [01;31m[K^~~~~~~~~~~~~~~~~~~~[m[K
gmake[2]: *** [CMakeFiles/add_time_parameterization.dir/build.make:76: CMakeFiles/add_time_parameterization.dir/src/add_time_parameterization.cpp.o] Error 1
gmake[1]: *** [CMakeFiles/Makefile2:139: CMakeFiles/add_time_parameterization.dir/all] Error 2
gmake[1]: *** Waiting for unfinished jobs....
gmake[2]: *** [CMakeFiles/publish_final_trajectory.dir/build.make:76: CMakeFiles/publish_final_trajectory.dir/src/publish_final_trajectory.cpp.o] Error 1
gmake[1]: *** [CMakeFiles/Makefile2:165: CMakeFiles/publish_final_trajectory.dir/all] Error 2
gmake: *** [Makefile:146: all] Error 2
