[35m[1mConsolidate compiler generated dependencies of target add_time_parameterization[0m
[35m[1mConsolidate compiler generated dependencies of target publish_final_trajectory[0m
[ 25%] [32m[1mLinking CXX executable publish_final_trajectory[0m
[ 75%] Built target add_time_parameterization
/usr/bin/ld: /usr/lib/gcc/x86_64-linux-gnu/11/../../../x86_64-linux-gnu/Scrt1.o: in function `_start':
(.text+0x1b): undefined reference to `main'
collect2: error: ld returned 1 exit status
gmake[2]: *** [CMakeFiles/publish_final_trajectory.dir/build.make:480: publish_final_trajectory] Error 1
gmake[1]: *** [CMakeFiles/Makefile2:165: CMakeFiles/publish_final_trajectory.dir/all] Error 2
gmake: *** [Makefile:146: all] Error 2
